<?xml version="1.0" encoding="UTF-8" ?>
<testsuite failures="0" time="0.088" errors="0" skipped="0" tests="1" name="BOB.Cloud.AppTest">
  <properties>
    <property name="java.runtime.name" value="Java(TM) SE Runtime Environment"/>
    <property name="sun.boot.library.path" value="/usr/lib/jvm/java-7-oracle/jre/lib/amd64"/>
    <property name="java.vm.version" value="23.6-b04"/>
    <property name="java.vm.vendor" value="Oracle Corporation"/>
    <property name="java.vendor.url" value="http://java.oracle.com/"/>
    <property name="path.separator" value=":"/>
    <property name="java.vm.name" value="Java HotSpot(TM) 64-Bit Server VM"/>
    <property name="file.encoding.pkg" value="sun.io"/>
    <property name="user.country" value="US"/>
    <property name="sun.java.launcher" value="SUN_STANDARD"/>
    <property name="sun.os.patch.level" value="unknown"/>
    <property name="java.vm.specification.name" value="Java Virtual Machine Specification"/>
    <property name="user.dir" value="/home/tommy/LogLoadGenerator"/>
    <property name="java.runtime.version" value="1.7.0_11-b21"/>
    <property name="java.awt.graphicsenv" value="sun.awt.X11GraphicsEnvironment"/>
    <property name="basedir" value="/home/tommy/LogLoadGenerator"/>
    <property name="java.endorsed.dirs" value="/usr/lib/jvm/java-7-oracle/jre/lib/endorsed"/>
    <property name="os.arch" value="amd64"/>
    <property name="surefire.real.class.path" value="/home/tommy/LogLoadGenerator/target/surefire/surefirebooter2604206852065386991.jar"/>
    <property name="java.io.tmpdir" value="/tmp"/>
    <property name="line.separator" value="
"/>
    <property name="java.vm.specification.vendor" value="Oracle Corporation"/>
    <property name="os.name" value="Linux"/>
    <property name="sun.jnu.encoding" value="UTF-8"/>
    <property name="java.library.path" value="/usr/java/packages/lib/amd64:/usr/lib64:/lib64:/lib:/usr/lib"/>
    <property name="surefire.test.class.path" value="/home/tommy/LogLoadGenerator/target/test-classes:/home/tommy/LogLoadGenerator/target/classes:/home/tommy/.m2/repository/junit/junit/3.8.1/junit-3.8.1.jar:/home/tommy/.m2/repository/log4j/log4j/1.2.9/log4j-1.2.9.jar:/home/tommy/.m2/repository/com/cloudera/flume-core/0.9.4-cdh3u5/flume-core-0.9.4-cdh3u5.jar:/home/tommy/.m2/repository/commons-lang/commons-lang/2.5/commons-lang-2.5.jar:/home/tommy/.m2/repository/commons-collections/commons-collections/3.1/commons-collections-3.1.jar:/home/tommy/.m2/repository/commons-codec/commons-codec/1.3/commons-codec-1.3.jar:/home/tommy/.m2/repository/commons-cli/commons-cli/1.2/commons-cli-1.2.jar:/home/tommy/.m2/repository/com/google/guava/guava/r07/guava-r07.jar:/home/tommy/.m2/repository/org/antlr/antlr/3.2/antlr-3.2.jar:/home/tommy/.m2/repository/org/antlr/antlr-runtime/3.2/antlr-runtime-3.2.jar:/home/tommy/.m2/repository/org/antlr/stringtemplate/3.2/stringtemplate-3.2.jar:/home/tommy/.m2/repository/org/slf4j/slf4j-api/1.5.11/slf4j-api-1.5.11.jar:/home/tommy/.m2/repository/org/slf4j/slf4j-log4j12/1.5.11/slf4j-log4j12-1.5.11.jar:/home/tommy/.m2/repository/com/sun/jersey/jersey-core/1.4/jersey-core-1.4.jar:/home/tommy/.m2/repository/com/sun/jersey/jersey-server/1.4/jersey-server-1.4.jar:/home/tommy/.m2/repository/asm/asm/3.1/asm-3.1.jar:/home/tommy/.m2/repository/com/sun/jersey/jersey-json/1.4/jersey-json-1.4.jar:/home/tommy/.m2/repository/org/codehaus/jettison/jettison/1.1/jettison-1.1.jar:/home/tommy/.m2/repository/stax/stax-api/1.0.1/stax-api-1.0.1.jar:/home/tommy/.m2/repository/com/sun/xml/bind/jaxb-impl/2.1.12/jaxb-impl-2.1.12.jar:/home/tommy/.m2/repository/javax/xml/bind/jaxb-api/2.1/jaxb-api-2.1.jar:/home/tommy/.m2/repository/javax/xml/stream/stax-api/1.0-2/stax-api-1.0-2.jar:/home/tommy/.m2/repository/javax/activation/activation/1.1/activation-1.1.jar:/home/tommy/.m2/repository/org/codehaus/jackson/jackson-core-asl/1.5.5/jackson-core-asl-1.5.5.jar:/home/tommy/.m2/repository/org/codehaus/jackson/jackson-mapper-asl/1.5.5/jackson-mapper-asl-1.5.5.jar:/home/tommy/.m2/repository/org/codehaus/jackson/jackson-jaxrs/1.5.5/jackson-jaxrs-1.5.5.jar:/home/tommy/.m2/repository/org/codehaus/jackson/jackson-xc/1.5.5/jackson-xc-1.5.5.jar:/home/tommy/.m2/repository/org/apache/thrift/libthrift/0.6.0-cdh/libthrift-0.6.0-cdh.jar:/home/tommy/.m2/repository/org/apache/avro/avro/1.5.4/avro-1.5.4.jar:/home/tommy/.m2/repository/com/thoughtworks/paranamer/paranamer/2.3/paranamer-2.3.jar:/home/tommy/.m2/repository/org/xerial/snappy/snappy-java/1.0.3.2/snappy-java-1.0.3.2.jar:/home/tommy/.m2/repository/org/apache/avro/avro-compiler/1.5.4/avro-compiler-1.5.4.jar:/home/tommy/.m2/repository/org/apache/velocity/velocity/1.6.4/velocity-1.6.4.jar:/home/tommy/.m2/repository/org/apache/avro/avro-ipc/1.5.4/avro-ipc-1.5.4.jar:/home/tommy/.m2/repository/org/mortbay/jetty/jetty/6.1.26/jetty-6.1.26.jar:/home/tommy/.m2/repository/org/mortbay/jetty/servlet-api/2.5-20081211/servlet-api-2.5-20081211.jar:/home/tommy/.m2/repository/org/jboss/netty/netty/3.2.4.Final/netty-3.2.4.Final.jar:/home/tommy/.m2/repository/org/schwering/irc/irclib/1.0.0/irclib-1.0.0.jar:/home/tommy/.m2/repository/dk/brics/automaton/automaton/1.0.0/automaton-1.0.0.jar:/home/tommy/.m2/repository/org/apache/zookeeper/zookeeper/3.3.5-cdh3u5/zookeeper-3.3.5-cdh3u5.jar:/home/tommy/.m2/repository/jline/jline/0.9.94/jline-0.9.94.jar:/home/tommy/.m2/repository/org/apache/hadoop/hadoop-core/0.20.2-cdh3u5/hadoop-core-0.20.2-cdh3u5.jar:/home/tommy/.m2/repository/xmlenc/xmlenc/0.52/xmlenc-0.52.jar:/home/tommy/.m2/repository/org/apache/hadoop/thirdparty/guava/guava/r09-jarjar/guava-r09-jarjar.jar:/home/tommy/.m2/repository/commons-httpclient/commons-httpclient/3.1/commons-httpclient-3.1.jar:/home/tommy/.m2/repository/commons-logging/commons-logging/1.0.4/commons-logging-1.0.4.jar:/home/tommy/.m2/repository/commons-net/commons-net/1.4.1/commons-net-1.4.1.jar:/home/tommy/.m2/repository/commons-io/commons-io/2.1/commons-io-2.1.jar:/home/tommy/.m2/repository/org/mortbay/jetty/jetty-util/6.1.26/jetty-util-6.1.26.jar:/home/tommy/.m2/repository/tomcat/jasper-runtime/5.5.23/jasper-runtime-5.5.23.jar:/home/tommy/.m2/repository/tomcat/jasper-compiler/5.5.23/jasper-compiler-5.5.23.jar:/home/tommy/.m2/repository/javax/servlet/jsp-api/2.0/jsp-api-2.0.jar:/home/tommy/.m2/repository/ant/ant/1.6.5/ant-1.6.5.jar:/home/tommy/.m2/repository/javax/servlet/jsp/jsp-api/2.1/jsp-api-2.1.jar:/home/tommy/.m2/repository/commons-el/commons-el/1.0/commons-el-1.0.jar:/home/tommy/.m2/repository/net/java/dev/jets3t/jets3t/0.6.1/jets3t-0.6.1.jar:/home/tommy/.m2/repository/javax/servlet/servlet-api/2.5/servlet-api-2.5.jar:/home/tommy/.m2/repository/hsqldb/hsqldb/1.8.0.7/hsqldb-1.8.0.7.jar:/home/tommy/.m2/repository/oro/oro/2.0.8/oro-2.0.8.jar:/home/tommy/.m2/repository/org/eclipse/jdt/core/3.1.1/core-3.1.1.jar:/home/tommy/.m2/repository/org/arabidopsis/ahocorasick/ahocorasick/2.x/ahocorasick-2.x.jar:/home/tommy/.m2/repository/org/json/json/20070829/json-20070829.jar:"/>
    <property name="java.specification.name" value="Java Platform API Specification"/>
    <property name="java.class.version" value="51.0"/>
    <property name="sun.management.compiler" value="HotSpot 64-Bit Tiered Compilers"/>
    <property name="os.version" value="3.2.0-32-generic"/>
    <property name="user.home" value="/home/tommy"/>
    <property name="user.timezone" value=""/>
    <property name="java.awt.printerjob" value="sun.print.PSPrinterJob"/>
    <property name="file.encoding" value="UTF-8"/>
    <property name="java.specification.version" value="1.7"/>
    <property name="user.name" value="tommy"/>
    <property name="java.class.path" value="/home/tommy/LogLoadGenerator/target/test-classes:/home/tommy/LogLoadGenerator/target/classes:/home/tommy/.m2/repository/junit/junit/3.8.1/junit-3.8.1.jar:/home/tommy/.m2/repository/log4j/log4j/1.2.9/log4j-1.2.9.jar:/home/tommy/.m2/repository/com/cloudera/flume-core/0.9.4-cdh3u5/flume-core-0.9.4-cdh3u5.jar:/home/tommy/.m2/repository/commons-lang/commons-lang/2.5/commons-lang-2.5.jar:/home/tommy/.m2/repository/commons-collections/commons-collections/3.1/commons-collections-3.1.jar:/home/tommy/.m2/repository/commons-codec/commons-codec/1.3/commons-codec-1.3.jar:/home/tommy/.m2/repository/commons-cli/commons-cli/1.2/commons-cli-1.2.jar:/home/tommy/.m2/repository/com/google/guava/guava/r07/guava-r07.jar:/home/tommy/.m2/repository/org/antlr/antlr/3.2/antlr-3.2.jar:/home/tommy/.m2/repository/org/antlr/antlr-runtime/3.2/antlr-runtime-3.2.jar:/home/tommy/.m2/repository/org/antlr/stringtemplate/3.2/stringtemplate-3.2.jar:/home/tommy/.m2/repository/org/slf4j/slf4j-api/1.5.11/slf4j-api-1.5.11.jar:/home/tommy/.m2/repository/org/slf4j/slf4j-log4j12/1.5.11/slf4j-log4j12-1.5.11.jar:/home/tommy/.m2/repository/com/sun/jersey/jersey-core/1.4/jersey-core-1.4.jar:/home/tommy/.m2/repository/com/sun/jersey/jersey-server/1.4/jersey-server-1.4.jar:/home/tommy/.m2/repository/asm/asm/3.1/asm-3.1.jar:/home/tommy/.m2/repository/com/sun/jersey/jersey-json/1.4/jersey-json-1.4.jar:/home/tommy/.m2/repository/org/codehaus/jettison/jettison/1.1/jettison-1.1.jar:/home/tommy/.m2/repository/stax/stax-api/1.0.1/stax-api-1.0.1.jar:/home/tommy/.m2/repository/com/sun/xml/bind/jaxb-impl/2.1.12/jaxb-impl-2.1.12.jar:/home/tommy/.m2/repository/javax/xml/bind/jaxb-api/2.1/jaxb-api-2.1.jar:/home/tommy/.m2/repository/javax/xml/stream/stax-api/1.0-2/stax-api-1.0-2.jar:/home/tommy/.m2/repository/javax/activation/activation/1.1/activation-1.1.jar:/home/tommy/.m2/repository/org/codehaus/jackson/jackson-core-asl/1.5.5/jackson-core-asl-1.5.5.jar:/home/tommy/.m2/repository/org/codehaus/jackson/jackson-mapper-asl/1.5.5/jackson-mapper-asl-1.5.5.jar:/home/tommy/.m2/repository/org/codehaus/jackson/jackson-jaxrs/1.5.5/jackson-jaxrs-1.5.5.jar:/home/tommy/.m2/repository/org/codehaus/jackson/jackson-xc/1.5.5/jackson-xc-1.5.5.jar:/home/tommy/.m2/repository/org/apache/thrift/libthrift/0.6.0-cdh/libthrift-0.6.0-cdh.jar:/home/tommy/.m2/repository/org/apache/avro/avro/1.5.4/avro-1.5.4.jar:/home/tommy/.m2/repository/com/thoughtworks/paranamer/paranamer/2.3/paranamer-2.3.jar:/home/tommy/.m2/repository/org/xerial/snappy/snappy-java/1.0.3.2/snappy-java-1.0.3.2.jar:/home/tommy/.m2/repository/org/apache/avro/avro-compiler/1.5.4/avro-compiler-1.5.4.jar:/home/tommy/.m2/repository/org/apache/velocity/velocity/1.6.4/velocity-1.6.4.jar:/home/tommy/.m2/repository/org/apache/avro/avro-ipc/1.5.4/avro-ipc-1.5.4.jar:/home/tommy/.m2/repository/org/mortbay/jetty/jetty/6.1.26/jetty-6.1.26.jar:/home/tommy/.m2/repository/org/mortbay/jetty/servlet-api/2.5-20081211/servlet-api-2.5-20081211.jar:/home/tommy/.m2/repository/org/jboss/netty/netty/3.2.4.Final/netty-3.2.4.Final.jar:/home/tommy/.m2/repository/org/schwering/irc/irclib/1.0.0/irclib-1.0.0.jar:/home/tommy/.m2/repository/dk/brics/automaton/automaton/1.0.0/automaton-1.0.0.jar:/home/tommy/.m2/repository/org/apache/zookeeper/zookeeper/3.3.5-cdh3u5/zookeeper-3.3.5-cdh3u5.jar:/home/tommy/.m2/repository/jline/jline/0.9.94/jline-0.9.94.jar:/home/tommy/.m2/repository/org/apache/hadoop/hadoop-core/0.20.2-cdh3u5/hadoop-core-0.20.2-cdh3u5.jar:/home/tommy/.m2/repository/xmlenc/xmlenc/0.52/xmlenc-0.52.jar:/home/tommy/.m2/repository/org/apache/hadoop/thirdparty/guava/guava/r09-jarjar/guava-r09-jarjar.jar:/home/tommy/.m2/repository/commons-httpclient/commons-httpclient/3.1/commons-httpclient-3.1.jar:/home/tommy/.m2/repository/commons-logging/commons-logging/1.0.4/commons-logging-1.0.4.jar:/home/tommy/.m2/repository/commons-net/commons-net/1.4.1/commons-net-1.4.1.jar:/home/tommy/.m2/repository/commons-io/commons-io/2.1/commons-io-2.1.jar:/home/tommy/.m2/repository/org/mortbay/jetty/jetty-util/6.1.26/jetty-util-6.1.26.jar:/home/tommy/.m2/repository/tomcat/jasper-runtime/5.5.23/jasper-runtime-5.5.23.jar:/home/tommy/.m2/repository/tomcat/jasper-compiler/5.5.23/jasper-compiler-5.5.23.jar:/home/tommy/.m2/repository/javax/servlet/jsp-api/2.0/jsp-api-2.0.jar:/home/tommy/.m2/repository/ant/ant/1.6.5/ant-1.6.5.jar:/home/tommy/.m2/repository/javax/servlet/jsp/jsp-api/2.1/jsp-api-2.1.jar:/home/tommy/.m2/repository/commons-el/commons-el/1.0/commons-el-1.0.jar:/home/tommy/.m2/repository/net/java/dev/jets3t/jets3t/0.6.1/jets3t-0.6.1.jar:/home/tommy/.m2/repository/javax/servlet/servlet-api/2.5/servlet-api-2.5.jar:/home/tommy/.m2/repository/hsqldb/hsqldb/1.8.0.7/hsqldb-1.8.0.7.jar:/home/tommy/.m2/repository/oro/oro/2.0.8/oro-2.0.8.jar:/home/tommy/.m2/repository/org/eclipse/jdt/core/3.1.1/core-3.1.1.jar:/home/tommy/.m2/repository/org/arabidopsis/ahocorasick/ahocorasick/2.x/ahocorasick-2.x.jar:/home/tommy/.m2/repository/org/json/json/20070829/json-20070829.jar:"/>
    <property name="java.vm.specification.version" value="1.7"/>
    <property name="sun.arch.data.model" value="64"/>
    <property name="java.home" value="/usr/lib/jvm/java-7-oracle/jre"/>
    <property name="sun.java.command" value="/home/tommy/LogLoadGenerator/target/surefire/surefirebooter2604206852065386991.jar /home/tommy/LogLoadGenerator/target/surefire/surefire7555250326752095911tmp /home/tommy/LogLoadGenerator/target/surefire/surefire5345884404738866289tmp"/>
    <property name="java.specification.vendor" value="Oracle Corporation"/>
    <property name="user.language" value="en"/>
    <property name="awt.toolkit" value="sun.awt.X11.XToolkit"/>
    <property name="java.vm.info" value="mixed mode"/>
    <property name="java.version" value="1.7.0_11"/>
    <property name="java.ext.dirs" value="/usr/lib/jvm/java-7-oracle/jre/lib/ext:/usr/java/packages/lib/ext"/>
    <property name="sun.boot.class.path" value="/usr/lib/jvm/java-7-oracle/jre/lib/resources.jar:/usr/lib/jvm/java-7-oracle/jre/lib/rt.jar:/usr/lib/jvm/java-7-oracle/jre/lib/sunrsasign.jar:/usr/lib/jvm/java-7-oracle/jre/lib/jsse.jar:/usr/lib/jvm/java-7-oracle/jre/lib/jce.jar:/usr/lib/jvm/java-7-oracle/jre/lib/charsets.jar:/usr/lib/jvm/java-7-oracle/jre/lib/jfr.jar:/usr/lib/jvm/java-7-oracle/jre/classes"/>
    <property name="java.vendor" value="Oracle Corporation"/>
    <property name="localRepository" value="/home/tommy/.m2/repository"/>
    <property name="file.separator" value="/"/>
    <property name="java.vendor.url.bug" value="http://bugreport.sun.com/bugreport/"/>
    <property name="sun.cpu.endian" value="little"/>
    <property name="sun.io.unicode.encoding" value="UnicodeLittle"/>
    <property name="sun.desktop" value="gnome"/>
    <property name="sun.cpu.isalist" value=""/>
  </properties>
  <testcase time="0.003" classname="BOB.Cloud.AppTest" name="testApp"/>
</testsuite>